63.32
30.00
QQQ120317C00030000
33.43
0.55
33.19
33.46
3
21
34.00
QQQ120317C00034000
21.47
0.00
29.23
29.41
131
131
35.00
QQQ120317C00035000
20.52
0.00
28.23
28.41
50
50
37.00
QQQ120330C00037000
18.81
0.00
26.23
26.40
104
127
38.00
QQQ120317C00038000
20.29
0.00
25.23
25.40
N/A
11
38.00
QQQ120330C00038000
18.05
0.00
25.22
25.40
230
250
39.00
QQQ120317C00039000
21.80
0.00
24.23
24.40
10
10
39.00
QQQ120330C00039000
22.94
0.00
24.23
24.39
1
200
40.00
QQQ120317C00040000
23.56
0.00
23.23
23.40
1
491
40.00
QQQ120330C00040000
23.49
3.04
23.23
23.42
1
119
41.00
QQQ120317C00041000
17.18
0.00
22.23
22.40
2
578
41.00
QQQ120330C00041000
17.05
0.00
22.23
22.42
37
366
42.00
QQQ120317C00042000
18.58
0.00
21.23
21.40
211
856
42.00
QQQ120330C00042000
12.76
0.00
21.23
21.42
24
37
43.00
QQQ120317C00043000
17.38
0.00
20.23
20.40
68
216
43.00
QQQ120330C00043000
16.82
0.00
20.23
20.40
10
80
44.00
QQQ120317C00044000
17.16
0.00
19.23
19.40
56
454
44.00
QQQ120330C00044000
13.75
0.00
19.23
19.40
24
105
45.00
QQQ120317C00045000
17.85
0.00
18.23
18.40
4
450
45.00
QQQ120330C00045000
12.27
0.00
18.23
18.40
8
152
46.00
QQQ120317C00046000
14.87
0.00
17.23
17.40
332
785
46.00
QQQ120330C00046000
13.55
0.00
17.23
17.40
2
418
47.00
QQQ120317C00047000
15.86
0.00
16.23
16.41
164
431
47.00
QQQ120330C00047000
16.52
0.00
16.23
16.40
30
401
48.00
QQQ120317C00048000
15.61
0.00
15.23
15.41
1
362
48.00
QQQ120330C00048000
15.55
0.00
15.23
15.40
44
389
49.00
QQQ120317C00049000
14.47
0.00
14.24
14.41
2
836
49.00
QQQ120330C00049000
13.98
0.00
14.23
14.43
50
537
50.00
QQQ120317C00050000
13.33
0.55
13.24
13.41
1
6,437
50.00
QQQ120330C00050000
13.58
0.00
13.24
13.43
22
619
51.00
QQQ120317C00051000
12.88
0.00
12.24
12.41
26
1,165
51.00
QQQ120330C00051000
12.33
0.21
12.28
12.44
52
1,969
52.00
QQQ120317C00052000
11.64
0.00
11.25
11.42
90
8,856
52.00
QQQ120330C00052000
10.90
0.00
11.30
11.45
41
1,012
53.00
QQQ120317C00053000
10.34
0.54
10.33
10.40
25
3,813
53.00
QQQ120330C00053000
9.94
0.00
10.32
10.46
30
942
54.00
QQQ120317C00054000
9.33
0.35
9.31
9.43
3
4,927
54.00
QQQ120330C00054000
9.56
0.16
9.34
9.48
1
2,115
55.00
QQQ120317C00055000
8.49
0.14
8.32
8.44
3
11,196
55.00
QQQ120330C00055000
8.58
0.27
8.36
8.50
1
1,329
56.00
QQQ120317C00056000
7.51
0.17
7.35
7.44
114
21,981
56.00
QQQ120330C00056000
7.41
0.00
7.37
7.52
30
1,681
57.00
QQQ120317C00057000
6.41
0.15
6.38
6.46
330
34,642
57.00
QQQ120330C00057000
7.02
0.00
6.44
6.56
30
2,368
58.00
QQQ120317C00058000
5.50
0.09
5.41
5.50
169
11,244
58.00
QQQ120330C00058000
5.51
0.24
5.50
5.60
130
2,172
59.00
QQQ120317C00059000
4.57
0.21
4.47
4.54
361
33,680
59.00
QQQ120330C00059000
4.60
0.07
4.59
4.69
219
3,059
60.00
QQQ120317C00060000
3.56
0.31
3.55
3.61
1,901
56,533
60.00
QQQ120330C00060000
3.73
0.18
3.72
3.80
869
19,561
61.00
QQQ120317C00061000
2.69
0.24
2.68
2.73
2,296
36,875
61.00
QQQ120330C00061000
2.91
0.23
2.91
2.97
1,065
3,495
62.00
QQQ120317C00062000
1.89
0.24
1.89
1.92
6,649
28,095
62.00
QQQ120330C00062000
2.27
0.10
2.16
2.23
312
3,780
63.00
QQQ120317C00063000
1.20
0.22
1.20
1.23
10,043
137,801
63.00
QQQ120330C00063000
1.51
0.19
1.51
1.55
589
18,324
64.00
QQQ120317P00064000
1.44
0.07
1.45
1.47
15,947
39,414
64.00
QQQ120330P00064000
1.77
0.04
1.78
1.80
294
3,547
65.00
QQQ120317P00065000
2.10
0.02
2.09
2.13
4,563
16,135
65.00
QQQ120330P00065000
2.31
0.02
2.32
2.42
1,397
2,757
66.00
QQQ120317P00066000
2.99
0.23
2.90
2.96
2,404
10,757
66.00
QQQ120330P00066000
3.11
0.27
3.06
3.16
311
513
67.00
QQQ120317P00067000
3.87
0.23
3.82
3.91
1,147
32,828
67.00
QQQ120330P00067000
4.07
0.03
3.90
4.01
396
96
68.00
QQQ120317P00068000
4.87
0.17
4.78
4.88
404
2,294
68.00
QQQ120330P00068000
4.68
0.06
4.83
4.93
277
140
69.00
QQQ120317P00069000
5.86
0.41
5.77
5.88
22
1,110
69.00
QQQ120330P00069000
5.74
0.32
5.77
5.90
12
735
70.00
QQQ120317P00070000
6.90
0.00
6.63
6.87
9
5,977
70.00
QQQ120330P00070000
15.78
0.00
6.65
6.88
2
32
71.00
QQQ120317P00071000
7.73
0.00
7.63
7.87
10
644
71.00
QQQ120330P00071000
14.87
0.00
7.64
7.89
20
81
72.00
QQQ120317P00072000
8.73
0.00
8.63
8.87
10
2,965
72.00
QQQ120330P00072000
15.14
0.00
8.64
8.88
10
10
73.00
QQQ120317P00073000
9.44
0.00
9.63
9.87
10
80
73.00
QQQ120330P00073000
17.18
0.00
9.64
9.88
20
20
74.00
QQQ120317P00074000
11.79
0.00
10.63
10.87
30
525
74.00
QQQ120330P00074000
17.57
0.00
10.64
10.88
140
140
75.00
QQQ120317P00075000
18.71
0.00
11.63
11.87
10
70
75.00
QQQ120330P00075000
12.15
0.00
11.64
11.88
2
72
76.00
QQQ120317P00076000
19.99
0.00
12.62
12.87
10
81
77.00
QQQ120317P00077000
19.69
0.00
13.62
13.87
180
180
78.00
QQQ120317P00078000
21.87
0.00
14.62
14.87
20
10
80.00
QQQ120317P00080000
18.04
0.00
16.59
16.87
3
3
   
